1598022595008	geckodriver	INFO	Listening on 127.0.0.1:56307
1598022667727	mozrunner::runner	INFO	Running command: "C:\\Program Files\\Mozilla Firefox\\firefox.exe" "--marionette" "-foreground" "-no-remote" "-profile" "C:\\Users\\Void\\AppData\\Local\\Temp\\rust_mozprofile5s9RbE"
1598022912884	geckodriver	INFO	Listening on 127.0.0.1:57333
1598022916013	mozrunner::runner	INFO	Running command: "C:\\Program Files\\Mozilla Firefox\\firefox.exe" "--marionette" "-foreground" "-no-remote" "-profile" "C:\\Users\\Void\\AppData\\Local\\Temp\\rust_mozprofileTUcZ8E"
JavaScript error: resource://gre/modules/XULStore.jsm, line 66: Error: Can't find profile directory.
console.error: SearchCache: "_readCacheFile: Error reading cache file:" (new Error("", "(unknown module)"))
1598022920700	Marionette	INFO	Listening on port 57348
1598022920759	Marionette	WARN	TLS certificate errors will be ignored for this session
1598023033767	Marionette	INFO	Stopped listening on port 57348

###!!! [Child][RunMessage] Error: Channel closing: too late to send/recv, messages will be lost


###!!! [Child][MessageChannel::SendAndWait] Error: Channel error: cannot send/recv

1598023035350	geckodriver	INFO	Listening on 127.0.0.1:57729
1598023038370	mozrunner::runner	INFO	Running command: "C:\\Program Files\\Mozilla Firefox\\firefox.exe" "--marionette" "-foreground" "-no-remote" "-profile" "C:\\Users\\Void\\AppData\\Local\\Temp\\rust_mozprofilet6mP1S"
JavaScript error: resource://gre/modules/XULStore.jsm, line 66: Error: Can't find profile directory.
console.error: SearchCache: "_readCacheFile: Error reading cache file:" (new Error("", "(unknown module)"))
1598023042287	Marionette	INFO	Listening on port 57743
1598023042523	Marionette	WARN	TLS certificate errors will be ignored for this session
1598023245848	Marionette	INFO	Stopped listening on port 57743

###!!! [Child][RunMessage] Error: Channel closing: too late to send/recv, messages will be lost


###!!! [Child][MessageChannel::SendAndWait] Error: Channel error: cannot send/recv

emp\\rust_mozprofilezMWhFr"
JavaScript error: resource://gre/modules/XULStore.jsm, line 66: Error: Can't find profile directory.
console.error: Region.jsm: "Error fetching region" (new TypeError("NetworkError when attempting to fetch resource.", ""))
console.error: Region.jsm: "Failed to fetch region" (new Error("NO_RESULT", "resource://gre/modules/Region.jsm", 343))
console.error: SearchCache: "_readCacheFile: Error reading cache file:" (new Error("", "(unknown module)"))
1598023228032	Marionette	INFO	Listening on port 58296
1598023228096	Marionette	WARN	TLS certificate errors will be ignored for this session
1598023651380	Marionette	INFO	Stopped listening on port 58296

###!!! [Child][RunMessage] Error: Channel closing: too late to send/recv, messages will be lost


###!!! [Child][MessageChannel::SendAndWait] Error: Channel error: cannot send/recv

1598023666087	geckodriver	INFO	Listening on 127.0.0.1:59740
1598023669107	mozrunner::runner	INFO	Running command: "C:\\Program Files\\Mozilla Firefox\\firefox.exe" "--marionette" "-foreground" "-no-remote" "-profile" "C:\\Users\\Void\\AppData\\Local\\Temp\\rust_mozprofileXSwpai"
JavaScript error: resource://gre/modules/XULStore.jsm, line 66: Error: Can't find profile directory.
console.error: SearchCache: "_readCacheFile: Error reading cache file:" (new Error("", "(unknown module)"))
1598023673085	Marionette	INFO	Listening on port 59757
1598023673247	Marionette	WARN	TLS certificate errors will be ignored for this session
1598023809289	Marionette	INFO	Stopped listening on port 59757

###!!! [Child][RunMessage] Error: Channel closing: too late to send/recv, messages will be lost


###!!! [Child][MessageChannel::SendAndWait] Error: Channel error: cannot send/recv

emp\\rust_mozprofileOD4cwa"
JavaScript error: resource://gre/modules/XULStore.jsm, line 66: Error: Can't find profile directory.
console.error: SearchCache: "_readCacheFile: Error reading cache file:" (new Error("", "(unknown module)"))
1598023803872	Marionette	INFO	Listening on port 60213
1598023803952	Marionette	WARN	TLS certificate errors will be ignored for this session
console.warn: SearchService: "_init: abandoning init due to shutting down"
JavaScript error: , line 0: uncaught exception: 2147500036
JavaScript error: , line 0: uncaught exception: 2147500036
JavaScript error: , line 0: uncaught exception: 2147500036
JavaScript error: , line 0: uncaught exception: 2147500036
JavaScript error: , line 0: uncaught exception: 2147500036
JavaScript error: , line 0: uncaught exception: 2147500036
JavaScript error: , line 0: uncaught exception: 2147500036
JavaScript error: , line 0: uncaught exception: 2147500036
JavaScript error: resource://gre/modules/UrlClassifierListManager.jsm, line 691: TypeError: this.tablesData[table] is undefined
1598023811175	Marionette	INFO	Stopped listening on port 60213

###!!! [Child][RunMessage] Error: Channel closing: too late to send/recv, messages will be lost


###!!! [Child][MessageChannel::SendAndWait] Error: Channel error: cannot send/recv

1598023811422	geckodriver	INFO	Listening on 127.0.0.1:60276
1598023814441	mozrunner::runner	INFO	Running command: "C:\\Program Files\\Mozilla Firefox\\firefox.exe" "--marionette" "-foreground" "-no-remote" "-profile" "C:\\Users\\Void\\AppData\\Local\\Temp\\rust_mozprofiledMO2rA"
JavaScript error: resource://gre/modules/XULStore.jsm, line 66: Error: Can't find profile directory.
console.error: SearchCache: "_readCacheFile: Error reading cache file:" (new Error("", "(unknown module)"))
1598023818314	Marionette	INFO	Listening on port 60289
1598023818576	Marionette	WARN	TLS certificate errors will be ignored for this session
1598024052706	Marionette	INFO	Stopped listening on port 60289

###!!! [Child][RunMessage] Error: Channel closing: too late to send/recv, messages will be lost


###!!! [Child][MessageChannel::SendAndWait] Error: Channel error: cannot send/recv

emp\\rust_mozprofileZ85vOp"
JavaScript error: resource://gre/modules/XULStore.jsm, line 66: Error: Can't find profile directory.
console.error: SearchCache: "_readCacheFile: Error reading cache file:" (new Error("", "(unknown module)"))
1598023886938	Marionette	INFO	Listening on port 60487
1598023886967	Marionette	WARN	TLS certificate errors will be ignored for this session
1598024051738	Marionette	INFO	Stopped listening on port 60487

###!!! [Child][RunMessage] Error: Channel closing: too late to send/recv, messages will be lost


###!!! [Child][MessageChannel::SendAndWait] Error: Channel error: cannot send/recv

1598024076317	geckodriver	INFO	Listening on 127.0.0.1:60978
1598024079367	mozrunner::runner	INFO	Running command: "C:\\Program Files\\Mozilla Firefox\\firefox.exe" "--marionette" "-foreground" "-no-remote" "-profile" "C:\\Users\\Void\\AppData\\Local\\Temp\\rust_mozprofileK7KmJc"
JavaScript error: resource://gre/modules/XULStore.jsm, line 66: Error: Can't find profile directory.
console.error: SearchCache: "_readCacheFile: Error reading cache file:" (new Error("", "(unknown module)"))
1598024083286	Marionette	INFO	Listening on port 60991
1598024083500	Marionette	WARN	TLS certificate errors will be ignored for this session
1598024667345	Marionette	INFO	Stopped listening on port 60991

###!!! [Child][RunMessage] Error: Channel closing: too late to send/recv, messages will be lost


###!!! [Child][MessageChannel::SendAndWait] Error: Channel error: cannot send/recv

emp\\rust_mozprofilea9AUIH"
JavaScript error: resource://gre/modules/XULStore.jsm, line 66: Error: Can't find profile directory.
console.error: SearchCache: "_readCacheFile: Error reading cache file:" (new Error("", "(unknown module)"))
1598024122286	Marionette	INFO	Listening on port 61085
1598024123845	Marionette	WARN	TLS certificate errors will be ignored for this session
1598024668538	Marionette	INFO	Stopped listening on port 61085

###!!! [Child][RunMessage] Error: Channel closing: too late to send/recv, messages will be lost


###!!! [Child][MessageChannel::SendAndWait] Error: Channel error: cannot send/recv

emp\\rust_mozprofileHDWPxm"
JavaScript error: resource://gre/modules/XULStore.jsm, line 66: Error: Can't find profile directory.
console.error: SearchCache: "_readCacheFile: Error reading cache file:" (new Error("", "(unknown module)"))
1598024672420	Marionette	INFO	Listening on port 62139
1598024672916	Marionette	WARN	TLS certificate errors will be ignored for this session
1598024687262	Marionette	INFO	Stopped listening on port 62139

###!!! [Child][RunMessage] Error: Channel closing: too late to send/recv, messages will be lost


###!!! [Child][MessageChannel::SendAndWait] Error: Channel error: cannot send/recv

1598025038612	geckodriver	INFO	Listening on 127.0.0.1:62988
1598025041631	mozrunner::runner	INFO	Running command: "C:\\Program Files\\Mozilla Firefox\\firefox.exe" "--marionette" "-foreground" "-no-remote" "-profile" "C:\\Users\\Void\\AppData\\Local\\Temp\\rust_mozprofileNSv1ma"
JavaScript error: resource://gre/modules/XULStore.jsm, line 66: Error: Can't find profile directory.
console.error: SearchCache: "_readCacheFile: Error reading cache file:" (new Error("", "(unknown module)"))
1598025045804	Marionette	INFO	Listening on port 63019
1598025045901	Marionette	WARN	TLS certificate errors will be ignored for this session
1598025269165	Marionette	INFO	Stopped listening on port 63019

###!!! [Child][RunMessage] Error: Channel closing: too late to send/recv, messages will be lost


###!!! [Child][MessageChannel::SendAndWait] Error: Channel error: cannot send/recv

emp\\rust_mozprofileMn7ffK"
JavaScript error: resource://gre/modules/XULStore.jsm, line 66: Error: Can't find profile directory.
console.error: SearchCache: "_readCacheFile: Error reading cache file:" (new Error("", "(unknown module)"))
1598025272694	Marionette	INFO	Listening on port 63492
1598025273010	Marionette	WARN	TLS certificate errors will be ignored for this session
1598025603450	Marionette	INFO	Stopped listening on port 63492

###!!! [Child][RunMessage] Error: Channel closing: too late to send/recv, messages will be lost


###!!! [Child][MessageChannel::SendAndWait] Error: Channel error: cannot send/recv

emp\\rust_mozprofileCpIeeW"
JavaScript error: resource://gre/modules/XULStore.jsm, line 66: Error: Can't find profile directory.
console.error: SearchCache: "_readCacheFile: Error reading cache file:" (new Error("", "(unknown module)"))
1598025606781	Marionette	INFO	Listening on port 64104
1598025607077	Marionette	WARN	TLS certificate errors will be ignored for this session
1598025622751	Marionette	INFO	Stopped listening on port 64104

###!!! [Child][RunMessage] Error: Channel closing: too late to send/recv, messages will be lost


###!!! [Child][MessageChannel::SendAndWait] Error: Channel error: cannot send/recv

1598025688647	geckodriver	INFO	Listening on 127.0.0.1:64465
1598025691666	mozrunner::runner	INFO	Running command: "C:\\Program Files\\Mozilla Firefox\\firefox.exe" "--marionette" "-foreground" "-no-remote" "-profile" "C:\\Users\\Void\\AppData\\Local\\Temp\\rust_mozprofilez6Xzh5"
JavaScript error: resource://gre/modules/XULStore.jsm, line 66: Error: Can't find profile directory.
console.error: SearchCache: "_readCacheFile: Error reading cache file:" (new Error("", "(unknown module)"))
1598025696222	Marionette	INFO	Listening on port 64478
1598025696407	Marionette	WARN	TLS certificate errors will be ignored for this session
1598025761192	Marionette	INFO	Stopped listening on port 64478

###!!! [Child][RunMessage] Error: Channel closing: too late to send/recv, messages will be lost


###!!! [Child][MessageChannel::SendAndWait] Error: Channel error: cannot send/recv

emp\\rust_mozprofilek9DsbU"
JavaScript error: resource://gre/modules/XULStore.jsm, line 66: Error: Can't find profile directory.
console.error: SearchCache: "_readCacheFile: Error reading cache file:" (new Error("", "(unknown module)"))
1598025763501	Marionette	INFO	Listening on port 64667
1598025763771	Marionette	WARN	TLS certificate errors will be ignored for this session
1598026116619	Marionette	INFO	Stopped listening on port 64667

###!!! [Child][RunMessage] Error: Channel closing: too late to send/recv, messages will be lost


###!!! [Child][MessageChannel::SendAndWait] Error: Channel error: cannot send/recv

emp\\rust_mozprofileULVcao"
JavaScript error: resource://gre/modules/XULStore.jsm, line 66: Error: Can't find profile directory.
console.error: SearchCache: "_readCacheFile: Error reading cache file:" (new Error("", "(unknown module)"))
1598026119983	Marionette	INFO	Listening on port 65324
1598026120469	Marionette	WARN	TLS certificate errors will be ignored for this session
1598026175069	Marionette	INFO	Stopped listening on port 65324

###!!! [Child][RunMessage] Error: Channel closing: too late to send/recv, messages will be lost


###!!! [Child][MessageChannel::SendAndWait] Error: Channel error: cannot send/recv

emp\\rust_mozprofilehi7DFx"
JavaScript error: resource://gre/modules/XULStore.jsm, line 66: Error: Can't find profile directory.
console.error: SearchCache: "_readCacheFile: Error reading cache file:" (new Error("", "(unknown module)"))
1598026178670	Marionette	INFO	Listening on port 65456
1598026179090	Marionette	WARN	TLS certificate errors will be ignored for this session
1598026232579	Marionette	INFO	Stopped listening on port 65456

###!!! [Child][RunMessage] Error: Channel closing: too late to send/recv, messages will be lost


###!!! [Child][MessageChannel::SendAndWait] Error: Channel error: cannot send/recv

1598026235950	geckodriver	INFO	Listening on 127.0.0.1:49237
1598026238982	mozrunner::runner	INFO	Running command: "C:\\Program Files\\Mozilla Firefox\\firefox.exe" "--marionette" "-foreground" "-no-remote" "-profile" "C:\\Users\\Void\\AppData\\Local\\Temp\\rust_mozprofileSVtRFE"
JavaScript error: resource://gre/modules/XULStore.jsm, line 66: Error: Can't find profile directory.
console.error: SearchCache: "_readCacheFile: Error reading cache file:" (new Error("", "(unknown module)"))
1598026242846	Marionette	INFO	Listening on port 49254
1598026243115	Marionette	WARN	TLS certificate errors will be ignored for this session
JavaScript error: resource://gre/modules/IndexedDB.jsm, line 370: UnknownError: IDBDatabase.transaction: Can't start IndexedDB transaction during shutdown
1598026302606	Marionette	INFO	Stopped listening on port 49254

###!!! [Child][RunMessage] Error: Channel closing: too lateJavaScript error: resource://gre/modules/XULStore.jsm, line 66: Error: Can't find profile directory.
console.error: SearchCache: "_readCacheFile: Error reading cache file:" (new Error("", "(unknown module)"))
1598026305157	Marionette	INFO	Listening on port 49412
1598026306257	Marionette	WARN	TLS certificate errors will be ignored for this session
1598026345117	Marionette	INFO	Stopped listening on port 49412

###!!! [Child][RunMessage] Error: Channel closing: too late to send/recv, messages will be lost


###!!! [Child][MessageChannel::SendAndWait] Error: Channel error: cannot send/recv

emp\\rust_mozprofileu3Lbgc"
JavaScript error: resource://gre/modules/XULStore.jsm, line 66: Error: Can't find profile directory.
console.error: SearchCache: "_readCacheFile: Error reading cache file:" (new Error("", "(unknown module)"))
1598026346664	Marionette	INFO	Listening on port 49534
1598026346695	Marionette	WARN	TLS certificate errors will be ignored for this session
SourceActor threw an exception: Error: Failed to fetch https://192.168.2.20/admin/login.html. Code 2153390067.
Stack: onResponse@resource://devtools/shared/DevToolsUtils.js:549:16
onStopRequest@resource://gre/modules/NetUtil.jsm:128:18
Line: 549, column: 16
console.error: (new Error("Failed to fetch https://192.168.2.20/admin/login.html. Code 2153390067.", "resource://devtools/shared/DevToolsUtils.js", 549))
JavaScript error: resource://devtools/shared/DevToolsUtils.js, line 549: Error: Failed to fetch https://192.168.2.20/admin/login.html. Code 2153390067.
1598026421893	Marionette	INFO	Stopped listening on port 49534

###!!! [Child][RunMessage] Error: Channel closing: too late to send/recv, messages will be lost


###!!! [Child][MessageChannel::SendAndWait] Error: Channel error: cannot send/recv

emp\\rust_mozprofiledN0enW"
JavaScript error: resource://gre/modules/XULStore.jsm, line 66: Error: Can't find profile directory.
console.error: SearchCache: "_readCacheFile: Error reading cache file:" (new Error("", "(unknown module)"))
1598026422850	Marionette	INFO	Listening on port 49690
1598026423303	Marionette	WARN	TLS certificate errors will be ignored for this session
[Parent 18520, Gecko_IOThread] WARNING: file /builds/worker/checkouts/gecko/ipc/chromium/src/base/process_util_win.cc, line 166
1598026567399	Marionette	INFO	Stopped listening on port 49690

###!!! [Child][RunMessage] Error: Channel closing: too late to send/recv, messages will be lost


###!!! [Child][MessageChannel::SendAndWait] Error: Channel error: cannot send/recv


console.error: SearchCache: "_readCacheFile: Error reading cache file:" (new Error("", "(unknown module)"))
1598026465121	Marionette	INFO	Listening on port 49889
1598026465595	Marionette	WARN	TLS certificate errors will be ignored for this session
1598026567359	Marionette	INFO	Stopped listening on port 49889

###!!! [Child][RunMessage] Error: Channel closing: too late to send/recv, messages will be lost


###!!! [Child][MessageChannel::SendAndWait] Error: Channel error: cannot send/recv

emp\\rust_mozprofileUF0Sgq"
JavaScript error: resource://gre/modules/XULStore.jsm, line 66: Error: Can't find profile directory.
console.error: SearchCache: "_readCacheFile: Error reading cache file:" (new Error("", "(unknown module)"))
1598026568828	Marionette	INFO	Listening on port 50612
1598026569031	Marionette	WARN	TLS certificate errors will be ignored for this session
1598026640613	Marionette	INFO	Stopped listening on port 50612

###!!! [Child][RunMessage] Error: Channel closing: too late to send/recv, messages will be lost


###!!! [Child][MessageChannel::SendAndWait] Error: Channel error: cannot send/recv

emp\\rust_mozprofilex7MKto"
JavaScript error: resource://gre/modules/XULStore.jsm, line 66: Error: Can't find profile directory.
console.error: SearchCache: "_readCacheFile: Error reading cache file:" (new Error("", "(unknown module)"))
1598026613626	Marionette	INFO	Listening on port 50719
1598026613656	Marionette	WARN	TLS certificate errors will be ignored for this session
1598026641543	Marionette	INFO	Stopped listening on port 50719

###!!! [Child][MessageChannel::SendAndWait] Error: Channel error: cannot send/recv

1598026727554	geckodriver	INFO	Listening on 127.0.0.1:50906
1598026730572	mozrunner::runner	INFO	Running command: "C:\\Program Files\\Mozilla Firefox\\firefox.exe" "--marionette" "-foreground" "-no-remote" "-profile" "C:\\Users\\Void\\AppData\\Local\\Temp\\rust_mozprofilehFvePj"
JavaScript error: resource://gre/modules/XULStore.jsm, line 66: Error: Can't find profile directory.
console.error: SearchCache: "_readCacheFile: Error reading cache file:" (new Error("", "(unknown module)"))
1598026734640	Marionette	INFO	Listening on port 50916
1598026734729	Marionette	WARN	TLS certificate errors will be ignored for this session
1598026767409	Marionette	INFO	Stopped listening on port 50916

###!!! [Child][RunMessage] Error: Channel closing: too late to send/recv, messages will be lost


###!!! [Child][MessageChannel::SendAndWait] Error: Channel error: cannot send/recv

1598108706870	geckodriver	INFO	Listening on 127.0.0.1:60716
1598108710019	mozrunner::runner	INFO	Running command: "C:\\Program Files\\Mozilla Firefox\\firefox.exe" "--marionette" "-foreground" "-no-remote" "-profile" "C:\\Users\\Void\\AppData\\Local\\Temp\\rust_mozprofileszDwuk"
JavaScript error: resource://gre/modules/XULStore.jsm, line 66: Error: Can't find profile directory.
console.error: SearchCache: "_readCacheFile: Error reading cache file:" (new Error("", "(unknown module)"))
1598108724885	Marionette	INFO	Listening on port 60724
1598108725314	Marionette	WARN	TLS certificate errors will be ignored for this session
1598108743580	Marionette	INFO	Stopped listening on port 60724

###!!! [Child][RunMessage] Error: Channel closing: too late to send/recv, messages will be lost


###!!! [Child][MessageChannel::SendAndWait] Error: Channel error: cannot send/recv

1598108748468	geckodriver	INFO	Listening on 127.0.0.1:60797
1598108751507	mozrunner::runner	INFO	Running command: "C:\\Program Files\\Mozilla Firefox\\firefox.exe" "--marionette" "-foreground" "-no-remote" "-profile" "C:\\Users\\Void\\AppData\\Local\\Temp\\rust_mozprofileHdPbwE"
JavaScript error: resource://gre/modules/XULStore.jsm, line 66: Error: Can't find profile directory.
console.error: SearchCache: "_readCacheFile: Error reading cache file:" (new Error("", "(unknown module)"))
1598108755421	Marionette	INFO	Listening on port 60805
1598108755637	Marionette	WARN	TLS certificate errors will be ignored for this session
1598108985370	Marionette	INFO	Stopped listening on port 60805

###!!! [Child][RunMessage] Error: Channel closing: too late to send/recv, messages will be lost


###!!! [Child][MessageChannel::SendAndWait] Error: Channel error: cannot send/recv

emp\\rust_mozprofileQPzv3c"
JavaScript error: resource://gre/modules/XULStore.jsm, line 66: Error: Can't find profile directory.
console.error: SearchCache: "_readCacheFile: Error reading cache file:" (new Error("", "(unknown module)"))
1598108829794	Marionette	INFO	Listening on port 60901
1598108830183	Marionette	WARN	TLS certificate errors will be ignored for this session
1598108866662	Marionette	INFO	Stopped listening on port 60901

###!!! [Child][RunMessage] Error: Channel closing: too late to send/recv, messages will be lost


###!!! [Child][MessageChannel::SendAndWait] Error: Channel error: cannot send/recv

emp\\rust_mozprofilerVNzhA"
JavaScript error: resource://gre/modules/XULStore.jsm, line 66: Error: Can't find profile directory.
console.error: SearchCache: "_readCacheFile: Error reading cache file:" (new Error("", "(unknown module)"))
1598108863224	Marionette	INFO	Listening on port 60965
1598108863485	Marionette	WARN	TLS certificate errors will be ignored for this session
JavaScript error: resource:///modules/WindowsJumpLists.jsm, line 315: TypeError: this._builder is undefined
1598108985248	Marionette	INFO	Stopped listening on port 60965

###!!! [Child][RunMessage] Error: Channel closing: too late to send/recv, messages will be lost


###!!! [Child][MessageChannel::SendAndWait] Error: Channel error: cannot send/recv

 profile directory.
JavaScript error: resource:///modules/CustomizableUI.jsm, line 5158: TypeError: win is null
console.error: SearchCache: "_readCacheFile: Error reading cache file:" (new Error("", "(unknown module)"))
console.warn: SearchService: "_init: abandoning init due to shutting down"
JavaScript error: , line 0: uncaught exception: 2147500036
JavaScript error: , line 0: uncaught exception: 2147500036

###!!! [Child][RunMessage] Error: Channel closing: too late to send/recv, messages will be lost


###!!! [Child][MessageChannel::SendAndWait] Error: Channel error: cannot send/recv

1598108998777	geckodriver	INFO	Listening on 127.0.0.1:61072
1598109001803	mozrunner::runner	INFO	Running command: "C:\\Program Files\\Mozilla Firefox\\firefox.exe" "--marionette" "-foreground" "-no-remote" "-profile" "C:\\Users\\Void\\AppData\\Local\\Temp\\rust_mozprofileWfQ7Ct"
JavaScript error: resource://gre/modules/XULStore.jsm, line 66: Error: Can't find profile directory.
console.error: SearchCache: "_readCacheFile: Error reading cache file:" (new Error("", "(unknown module)"))
1598109005712	Marionette	INFO	Listening on port 61081
1598109005934	Marionette	WARN	TLS certificate errors will be ignored for this session
1598109168625	Marionette	INFO	Stopped listening on port 61081

###!!! [Child][RunMessage] Error: Channel closing: too late to send/recv, messages will be lost


###!!! [Child][MessageChannel::SendAndWait] Error: Channel error: cannot send/recv

emp\\rust_mozprofileJc2zTN"
JavaScript error: resource://gre/modules/XULStore.jsm, line 66: Error: Can't find profile directory.
console.error: SearchCache: "_readCacheFile: Error reading cache file:" (new Error("", "(unknown module)"))
1598109143431	Marionette	INFO	Listening on port 61406
1598109143546	Marionette	WARN	TLS certificate errors will be ignored for this session
1598109170616	Marionette	INFO	Stopped listening on port 61406

###!!! [Child][RunMessage] Error: Channel closing: too late to send/recv, messages will be lost


###!!! [Child][MessageChannel::SendAndWait] Error: Channel error: cannot send/recv

emp\\rust_mozprofileYmBMm7"
JavaScript error: resource://gre/modules/XULStore.jsm, line 66: Error: Can't find profile directory.
console.error: SearchCache: "_readCacheFile: Error reading cache file:" (new Error("", "(unknown module)"))
1598109172765	Marionette	INFO	Listening on port 61506
1598109173239	Marionette	WARN	TLS certificate errors will be ignored for this session
1598109201279	Marionette	INFO	Stopped listening on port 61506

###!!! [Child][RunMessage] Error: Channel closing: too late to send/recv, messages will be lost


###!!! [Child][MessageChannel::SendAndWait] Error: Channel error: cannot send/recv

emp\\rust_mozprofile3TDO8D"
JavaScript error: resource://gre/modules/XULStore.jsm, line 66: Error: Can't find profile directory.
console.error: SearchCache: "_readCacheFile: Error reading cache file:" (new Error("", "(unknown module)"))
1598109202482	Marionette	INFO	Listening on port 61636
1598109202546	Marionette	WARN	TLS certificate errors will be ignored for this session
1598109256777	Marionette	INFO	Stopped listening on port 61636

###!!! [Child][RunMessage] Error: Channel closing: too late to send/recv, messages will be lost


###!!! [Child][MessageChannel::SendAndWait] Error: Channel error: cannot send/recv

emp\\rust_mozprofileh1Wbdo"
JavaScript error: resource://gre/modules/XULStore.jsm, line 66: Error: Can't find profile directory.
console.error: SearchCache: "_readCacheFile: Error reading cache file:" (new Error("", "(unknown module)"))
1598109244232	Marionette	INFO	Listening on port 61785
1598109245526	Marionette	WARN	TLS certificate errors will be ignored for this session
[Parent 18868, Gecko_IOThread] WARNING: file /builds/worker/checkouts/gecko/ipc/chromium/src/base/process_util_win.cc, line 166
1598109255615	Marionette	INFO	Stopped listening on port 61785

###!!! [Child][RunMessage] Error: Channel closing: too late to send/recv, messages will be lost


###!!! [Child][MessageChannel::SendAndWait] Error: Channel error: cannot send/recv

1598109566667	geckodriver	INFO	Listening on 127.0.0.1:62725
1598109569684	mozrunner::runner	INFO	Running command: "C:\\Program Files\\Mozilla Firefox\\firefox.exe" "--marionette" "-foreground" "-no-remote" "-profile" "C:\\Users\\Void\\AppData\\Local\\Temp\\rust_mozprofile7V2DaB"
JavaScript error: resource://gre/modules/XULStore.jsm, line 66: Error: Can't find profile directory.
console.error: SearchCache: "_readCacheFile: Error reading cache file:" (new Error("", "(unknown module)"))
1598109573983	Marionette	INFO	Listening on port 62742
1598109574420	Marionette	WARN	TLS certificate errors will be ignored for this session
1598109610785	Marionette	INFO	Stopped listening on port 62742

###!!! [Child][RunMessage] Error: Channel closing: too late to send/recv, messages will be lost


###!!! [Child][MessageChannel::SendAndWait] Error: Channel error: cannot send/recv

emp\\rust_mozprofileqg5Qnb"
JavaScript error: resource://gre/modules/XULStore.jsm, line 66: Error: Can't find profile directory.
console.error: SearchCache: "_readCacheFile: Error reading cache file:" (new Error("", "(unknown module)"))
1598109607101	Marionette	INFO	Listening on port 62859
1598109607157	Marionette	WARN	TLS certificate errors will be ignored for this session
1598109624239	Marionette	INFO	Stopped listening on port 62859

###!!! [Child][RunMessage] Error: Channel closing: too late to send/recv, messages will be lost


###!!! [Child][MessageChannel::SendAndWait] Error: Channel error: cannot send/recv

1598109624380	geckodriver	INFO	Listening on 127.0.0.1:62929
1598109627412	mozrunner::runner	INFO	Running command: "C:\\Program Files\\Mozilla Firefox\\firefox.exe" "--marionette" "-foreground" "-no-remote" "-profile" "C:\\Users\\Void\\AppData\\Local\\Temp\\rust_mozprofileWzySbB"
JavaScript error: resource://gre/modules/XULStore.jsm, line 66: Error: Can't find profile directory.
console.error: SearchCache: "_readCacheFile: Error reading cache file:" (new Error("", "(unknown module)"))
1598109631547	Marionette	INFO	Listening on port 62938
1598109631577	Marionette	WARN	TLS certificate errors will be ignored for this session
1598109651930	Marionette	INFO	Stopped listening on port 62938

###!!! [Child][RunMessage] Error: Channel closing: too late to send/recv, messages will be lost


###!!! [Child][MessageChannel::SendAndWait] Error: Channel error: cannot send/recv

1598110097484	geckodriver	INFO	Listening on 127.0.0.1:63623
1598110100516	mozrunner::runner	INFO	Running command: "C:\\Program Files\\Mozilla Firefox\\firefox.exe" "--marionette" "-foreground" "-no-remote" "-profile" "C:\\Users\\Void\\AppData\\Local\\Temp\\rust_mozprofilea1siH7"
JavaScript error: resource://gre/modules/XULStore.jsm, line 66: Error: Can't find profile directory.
console.error: SearchCache: "_readCacheFile: Error reading cache file:" (new Error("", "(unknown module)"))
JavaScript error: resource://activity-stream/lib/ActivityStreamPrefs.jsm, line 27: NS_ERROR_ILLEGAL_VALUE: Component returned failure code: 0x80070057 (NS_ERROR_ILLEGAL_VALUE) [nsIPrefBranch.removeObserver]
console.error: Region.jsm: "Error fetching region" (new TypeError("NetworkError when attempting to fetch resource.", ""))
console.error: Region.jsm: "Failed to fetch region" (new Error("NO_RESULT", "resource://gre/modules/Region.jsm", 343))
console.log: "RemoteSettingsWorker error: AbortError: IndexedDB:  execute() A request was aborted, for example through a call to IDBTransaction.abort."
console.error: SearchEngineSelector: (new Error("IndexedDB: main/search-config list() IndexedDB:  execute() The application is shutting down", "resource://services-settings/IDBHelpers.jsm", 24))
console.error: SearchEngineSelector: "Received empty search configuration!"
console.error: SearchService: "_init: failure initializing search:" (void 0)
JavaScript error: resource://gre/modules/AsyncShutdown.jsm, line 554: uncaught exception: 2147500037
JavaScript error: resource://gre/modules/SearchService.jsm, line 474: NS_ERROR_FAILURE: SearchService previously failed to initialize
JavaScript error: resource://gre/modules/AsyncShutdown.jsm, line 554: uncaught exception: 2147500037
JavaScript error: resource://gre/modules/AsyncShutdown.jsm, line 554: uncaught exception: 2147500037
JavaScript error: resource://gre/modules/AsyncShutdown.jsm, line 554: uncaught exception: 2147500037
JavaScript error: resource://gre/modules/AsyncShutdown.jsm, line 554: uncaught exception: 2147500037
console.log: "RemoteSettingsWorker error: AbortError: IndexedDB:  execute() A request was aborted, for example through a call to IDBTransaction.abort."
[Parent 4272, Gecko_IOThread] WARNING: file /builds/worker/checkouts/gecko/ipc/chromium/src/base/process_util_win.cc, line 166

###!!! [Child][RunMessage] Error: Channel closing: too late to send/recv, messages will be lost


###!!! [Child][MessageChannel::SendAndWait] Error: Channel error: cannot send/recv

1598110113614	geckodriver	INFO	Listening on 127.0.0.1:63665
1598110116640	mozrunner::runner	INFO	Running command: "C:\\Program Files\\Mozilla Firefox\\firefox.exe" "--marionette" "-foreground" "-no-remote" "-profile" "C:\\Users\\Void\\AppData\\Local\\Temp\\rust_mozprofile8BNSsW"
JavaScript error: resource://gre/modules/XULStore.jsm, line 66: Error: Can't find profile directory.
console.error: SearchCache: "_readCacheFile: Error reading cache file:" (new Error("", "(unknown module)"))
1598110120892	Marionette	INFO	Listening on port 63673
1598110121375	Marionette	WARN	TLS certificate errors will be ignored for this session
1598110197934	Marionette	INFO	Stopped listening on port 63673

###!!! [Child][RunMessage] Error: Channel closing: too late to send/recv, messages will be lost


###!!! [Child][MessageChannel::SendAndWait] Error: Channel error: cannot send/recv

emp\\rust_mozprofileRrgy0Y"
JavaScript error: resource://gre/modules/XULStore.jsm, line 66: Error: Can't find profile directory.
console.error: SearchCache: "_readCacheFile: Error reading cache file:" (new Error("", "(unknown module)"))
1598110198851	Marionette	INFO	Listening on port 63800
1598110199133	Marionette	WARN	TLS certificate errors will be ignored for this session
1598110228086	Marionette	INFO	Stopped listening on port 63800

###!!! [Child][RunMessage] Error: Channel closing: too late to send/recv, messages will be lost


###!!! [Child][MessageChannel::SendAndWait] Error: Channel error: cannot send/recv

1598359982990	geckodriver	INFO	Listening on 127.0.0.1:55368
1598359986551	mozrunner::runner	INFO	Running command: "C:\\Program Files\\Mozilla Firefox\\firefox.exe" "--marionette" "-foreground" "-no-remote" "-profile" "C:\\Users\\Void\\AppData\\Local\\Temp\\rust_mozprofilekFQMYR"
JavaScript error: resource://gre/modules/XULStore.jsm, line 66: Error: Can't find profile directory.
console.error: SearchCache: "_readCacheFile: Error reading cache file:" (new Error("", "(unknown module)"))
1598359992035	Marionette	INFO	Listening on port 55391
console.error: Region.jsm: "Error fetching region" (new TypeError("NetworkError when attempting to fetch resource.", ""))
console.error: Region.jsm: "Failed to fetch region" (new Error("NO_RESULT", "resource://gre/modules/Region.jsm", 343))
1598359992447	Marionette	WARN	TLS certificate errors will be ignored for this session
1598360008316	Marionette	INFO	Stopped listening on port 55391

###!!! [Child][RunMessage] Error: Channel closing: too late to send/recv, messages will be lost


###!!! [Child][MessageChannel::SendAndWait] Error: Channel error: cannot send/recv

1598360015761	geckodriver	INFO	Listening on 127.0.0.1:55474
1598360018780	mozrunner::runner	INFO	Running command: "C:\\Program Files\\Mozilla Firefox\\firefox.exe" "--marionette" "-foreground" "-no-remote" "-profile" "C:\\Users\\Void\\AppData\\Local\\Temp\\rust_mozprofileN939OV"
JavaScript error: resource://gre/modules/XULStore.jsm, line 66: Error: Can't find profile directory.
console.error: SearchCache: "_readCacheFile: Error reading cache file:" (new Error("", "(unknown module)"))
1598360023249	Marionette	INFO	Listening on port 55487
console.error: Region.jsm: "Error fetching region" (new TypeError("NetworkError when attempting to fetch resource.", ""))
console.error: Region.jsm: "Failed to fetch region" (new Error("NO_RESULT", "resource://gre/modules/Region.jsm", 343))
1598360023657	Marionette	WARN	TLS certificate errors will be ignored for this session
1598360082097	Marionette	INFO	Stopped listening on port 55487

###!!! [Child][RunMessage] Error: Channel closing: too late to send/recv, messages will be lost


###!!! [Child][MessageChannel::SendAndWait] Error: Channel error: cannot send/recv

1598365644214	geckodriver	INFO	Listening on 127.0.0.1:61781
1598365647250	mozrunner::runner	INFO	Running command: "C:\\Program Files\\Mozilla Firefox\\firefox.exe" "--marionette" "-foreground" "-no-remote" "-profile" "C:\\Users\\Void\\AppData\\Local\\Temp\\rust_mozprofileoI7tJ6"
JavaScript error: resource://gre/modules/XULStore.jsm, line 66: Error: Can't find profile directory.
console.error: SearchCache: "_readCacheFile: Error reading cache file:" (new Error("", "(unknown module)"))
1598365652001	Marionette	INFO	Listening on port 61789
1598365652020	Marionette	WARN	TLS certificate errors will be ignored for this session
1598365673267	Marionette	INFO	Stopped listening on port 61789

###!!! [Child][MessageChannel::SendAndWait] Error: Channel error: cannot send/recv

1598365861435	geckodriver	INFO	Listening on 127.0.0.1:62209
1598365864474	mozrunner::runner	INFO	Running command: "C:\\Program Files\\Mozilla Firefox\\firefox.exe" "--marionette" "-foreground" "-no-remote" "-profile" "C:\\Users\\Void\\AppData\\Local\\Temp\\rust_mozprofile2bamCl"
JavaScript error: resource://gre/modules/XULStore.jsm, line 66: Error: Can't find profile directory.
console.error: SearchCache: "_readCacheFile: Error reading cache file:" (new Error("", "(unknown module)"))
1598365869754	Marionette	INFO	Listening on port 62219
1598365869813	Marionette	WARN	TLS certificate errors will be ignored for this session
1598365873051	Marionette	WARN	TimedPromise timed out after 500 ms: stacktrace:
TimedPromise/<@chrome://marionette/content/sync.js:245:13
TimedPromise@chrome://marionette/content/sync.js:230:10
interaction.flushEventLoop@chrome://marionette/content/interaction.js:416:10
webdriverClickElement@chrome://marionette/content/interaction.js:182:31
1598365884365	Marionette	WARN	TimedPromise timed out after 500 ms: stacktrace:
TimedPromise/<@chrome://marionette/content/sync.js:245:13
TimedPromise@chrome://marionette/content/sync.js:230:10
interaction.flushEventLoop@chrome://marionette/content/interaction.js:416:10
webdriverClickElement@chrome://marionette/content/interaction.js:182:31
1598365885429	Marionette	WARN	TimedPromise timed out after 500 ms: stacktrace:
TimedPromise/<@chrome://marionette/content/sync.js:245:13
TimedPromise@chrome://marionette/content/sync.js:230:10
interaction.flushEventLoop@chrome://marionette/content/interaction.js:416:10
webdriverClickElement@chrome://marionette/content/interaction.js:182:31
1598365894152	Marionette	INFO	Stopped listening on port 62219

###!!! [Child][RunMessage] Error: Channel closing: too late to send/recv, messages will be lost


###!!! [Child][MessageChannel::SendAndWait] Error: Channel error: cannot send/recv

1598366123499	geckodriver	INFO	Listening on 127.0.0.1:62535
1598366126516	mozrunner::runner	INFO	Running command: "C:\\Program Files\\Mozilla Firefox\\firefox.exe" "--marionette" "-foreground" "-no-remote" "-profile" "C:\\Users\\Void\\AppData\\Local\\Temp\\rust_mozprofilety6WS1"
JavaScript error: resource://gre/modules/XULStore.jsm, line 66: Error: Can't find profile directory.
console.error: SearchCache: "_readCacheFile: Error reading cache file:" (new Error("", "(unknown module)"))
console.error: Region.jsm: "Error fetching region" (new TypeError("NetworkError when attempting to fetch resource.", ""))
console.error: Region.jsm: "Failed to fetch region" (new Error("NO_RESULT", "resource://gre/modules/Region.jsm", 343))
1598366131363	Marionette	INFO	Listening on port 62544
1598366131815	Marionette	WARN	TLS certificate errors will be ignored for this session
SourceActor threw an exception: Error: Failed to fetch https://192.168.2.55/admin/login.html. Code 2153390067.
Stack: onResponse@resource://devtools/shared/DevToolsUtils.js:549:16
onStopRequest@resource://gre/modules/NetUtil.jsm:128:18
Line: 549, column: 16
console.error: (new Error("Failed to fetch https://192.168.2.55/admin/login.html. Code 2153390067.", "resource://devtools/shared/DevToolsUtils.js", 549))
JavaScript error: resource://devtools/shared/DevToolsUtils.js, line 549: Error: Failed to fetch https://192.168.2.55/admin/login.html. Code 2153390067.
1598366206535	Marionette	INFO	Stopped listening on port 62541598366206694	mozrunner::runner	INFO	Running command: "C:\\Program Files\\Mozilla Firefox\\firefox.exe" "--marionette" "-foreground" "-no-remote" "-profile" "C:\\Users\\Void\\AppData\\Local\\Temp\\rust_mozprofileCArTGb"
JavaScript error: resource://gre/modules/XULStore.jsm, line 66: Error: Can't find profile directory.
console.error: SearchCache: "_readCacheFile: Error reading cache file:" (new Error("", "(unknown module)"))
1598366210933	Marionette	INFO	Listening on port 62641
1598366210989	Marionette	WARN	TLS certificate errors will be ignored for this session
1598366377547	Marionette	INFO	Stopped listening on port 62641

###!!! [Child][MessageChannel::SendAndWait] Error: Channel error: cannot send/recv

firefox.exe" "--marionette" "-foreground" "-no-remote" "-profile" "C:\\Users\\Void\\AppData\\Local\\Temp\\rust_mozprofile67A0RW"
JavaScript error: resource://gre/modules/XULStore.jsm, line 66: Error: Can't find profile directory.
console.error: SearchCache: "_readCacheFile: Error reading cache file:" (new Error("", "(unknown module)"))
1598366381829	Marionette	INFO	Listening on port 62867
1598366381969	Marionette	WARN	TLS certificate errors will be ignored for this session
1598366450042	Marionette	INFO	Stopped listening on port 62867

###!!! [Child][MessageChannel::SendAndWait] Error: Channel error: cannot send/recv

